<?xml version="1.0" encoding="utf-8"?>
<TestRun id="a417c415-59c8-480d-889a-d7e5dbf8e1f1" name="JeffreyPalermo@DESKTOP-2UEMO92 2023-09-11 21:30:21" runUser="AzureAD\JeffreyPalermo" xmlns="http://microsoft.com/schemas/VisualStudio/TeamTest/2010">
  <Times creation="2023-09-11T21:30:21.9545552-05:00" queuing="2023-09-11T21:30:21.9545557-05:00" start="2023-09-11T21:30:07.5495163-05:00" finish="2023-09-11T21:30:21.9681335-05:00" />
  <TestSettings name="default" id="3e4c1aee-6f99-4dbf-afee-946e02ce14b3">
    <Deployment runDeploymentRoot="JeffreyPalermo_DESKTOP-2UEMO92_2023-09-11_21_30_21" />
  </TestSettings>
  <Results>
    <UnitTestResult executionId="d10b7dbb-0019-4255-a668-457786a14310" testId="af064327-d958-6fa9-f880-3fc9ee6a6b83" testName="Test1" computerName="DESKTOP-2UEMO92" duration="00:00:00.3669970" startTime="2023-09-11T21:30:19.8712420-05:00" endTime="2023-09-11T21:30:20.2380478-05:00" testType="13cdc9d9-ddb5-4fa4-a97d-d965ccfc6d4b" outcome="Passed" testListId="8c84fa94-04c1-424b-9868-57a2d4851a1d" relativeResultsDirectory="d10b7dbb-0019-4255-a668-457786a14310" />
  </Results>
  <TestDefinitions>
    <UnitTest name="Test1" storage="c:\users\jeffreypalermo\source\repos\jeffreypalermo\blazormvc\unittests\bin\debug\net6.0\unittests.dll" id="af064327-d958-6fa9-f880-3fc9ee6a6b83">
      <Execution id="d10b7dbb-0019-4255-a668-457786a14310" />
      <TestMethod codeBase="C:\Users\JeffreyPalermo\source\repos\jeffreypalermo\blazormvc\UnitTests\bin\Debug\net6.0\UnitTests.dll" adapterTypeName="executor://nunit3testexecutor/" className="UnitTests.Tests" name="Test1" />
    </UnitTest>
  </TestDefinitions>
  <TestEntries>
    <TestEntry testId="af064327-d958-6fa9-f880-3fc9ee6a6b83" executionId="d10b7dbb-0019-4255-a668-457786a14310" testListId="8c84fa94-04c1-424b-9868-57a2d4851a1d" />
  </TestEntries>
  <TestLists>
    <TestList name="Results Not in a List" id="8c84fa94-04c1-424b-9868-57a2d4851a1d" />
    <TestList name="All Loaded Results" id="19431567-8539-422a-85d7-44ee4e166bda" />
  </TestLists>
  <ResultSummary outcome="Completed">
    <Counters total="1" executed="1" passed="1" failed="0" error="0" timeout="0" aborted="0" inconclusive="0" passedButRunAborted="0" notRunnable="0" notExecuted="0" disconnected="0" warning="0" completed="0" inProgress="0" pending="0" />
    <Output>
      <StdOut>NUnit Adapter 4.2.0.0: Test execution started&#xD;
Running all tests in C:\Users\JeffreyPalermo\source\repos\jeffreypalermo\blazormvc\UnitTests\bin\Debug\net6.0\UnitTests.dll&#xD;
   NUnit3TestExecutor discovered 1 of 1 NUnit test cases using Current Discovery mode, Non-Explicit run&#xD;
NUnit Adapter 4.2.0.0: Test execution complete&#xD;
</StdOut>
    </Output>
    <CollectorDataEntries>
      <Collector agentName="DESKTOP-2UEMO92" uri="datacollector://microsoft/CoverletCodeCoverage/1.0" collectorDisplayName="XPlat code coverage">
        <UriAttachments>
          <UriAttachment>
            <A href="DESKTOP-2UEMO92\coverage.cobertura.xml"></A>
          </UriAttachment>
        </UriAttachments>
      </Collector>
    </CollectorDataEntries>
  </ResultSummary>
</TestRun>