<?xml version="1.0" encoding="utf-8"?>
<TestRun id="f7656249-5ae1-47aa-8c44-090973150dbf" name="JeffreyPalermo@DESKTOP-2UEMO92 2023-09-11 21:30:32" runUser="AzureAD\JeffreyPalermo" xmlns="http://microsoft.com/schemas/VisualStudio/TeamTest/2010">
  <Times creation="2023-09-11T21:30:32.2258684-05:00" queuing="2023-09-11T21:30:32.2258691-05:00" start="2023-09-11T21:30:24.8266362-05:00" finish="2023-09-11T21:30:32.2404187-05:00" />
  <TestSettings name="default" id="abf1f129-5fe1-4a8b-9030-ebcc0dd937c4">
    <Deployment runDeploymentRoot="JeffreyPalermo_DESKTOP-2UEMO92_2023-09-11_21_30_32" />
  </TestSettings>
  <Results>
    <UnitTestResult executionId="cc44fb35-be39-44b0-a7d8-8f7f446cde47" testId="62c9d7f9-c341-ba7b-a21b-3dd705a2de8b" testName="Test1" computerName="DESKTOP-2UEMO92" duration="00:00:00.0711420" startTime="2023-09-11T21:30:31.6626897-05:00" endTime="2023-09-11T21:30:31.7337096-05:00" testType="13cdc9d9-ddb5-4fa4-a97d-d965ccfc6d4b" outcome="Passed" testListId="8c84fa94-04c1-424b-9868-57a2d4851a1d" relativeResultsDirectory="cc44fb35-be39-44b0-a7d8-8f7f446cde47" />
  </Results>
  <TestDefinitions>
    <UnitTest name="Test1" storage="c:\users\jeffreypalermo\source\repos\jeffreypalermo\blazormvc\integrationtests\bin\debug\net6.0\integrationtests.dll" id="62c9d7f9-c341-ba7b-a21b-3dd705a2de8b">
      <Execution id="cc44fb35-be39-44b0-a7d8-8f7f446cde47" />
      <TestMethod codeBase="C:\Users\JeffreyPalermo\source\repos\jeffreypalermo\blazormvc\IntegrationTests\bin\Debug\net6.0\IntegrationTests.dll" adapterTypeName="executor://nunit3testexecutor/" className="IntegrationTests.Tests" name="Test1" />
    </UnitTest>
  </TestDefinitions>
  <TestEntries>
    <TestEntry testId="62c9d7f9-c341-ba7b-a21b-3dd705a2de8b" executionId="cc44fb35-be39-44b0-a7d8-8f7f446cde47" testListId="8c84fa94-04c1-424b-9868-57a2d4851a1d" />
  </TestEntries>
  <TestLists>
    <TestList name="Results Not in a List" id="8c84fa94-04c1-424b-9868-57a2d4851a1d" />
    <TestList name="All Loaded Results" id="19431567-8539-422a-85d7-44ee4e166bda" />
  </TestLists>
  <ResultSummary outcome="Completed">
    <Counters total="1" executed="1" passed="1" failed="0" error="0" timeout="0" aborted="0" inconclusive="0" passedButRunAborted="0" notRunnable="0" notExecuted="0" disconnected="0" warning="0" completed="0" inProgress="0" pending="0" />
    <Output>
      <StdOut>NUnit Adapter 4.2.0.0: Test execution started&#xD;
Running all tests in C:\Users\JeffreyPalermo\source\repos\jeffreypalermo\blazormvc\IntegrationTests\bin\Debug\net6.0\IntegrationTests.dll&#xD;
   NUnit3TestExecutor discovered 1 of 1 NUnit test cases using Current Discovery mode, Non-Explicit run&#xD;
NUnit Adapter 4.2.0.0: Test execution complete&#xD;
</StdOut>
    </Output>
    <CollectorDataEntries>
      <Collector agentName="DESKTOP-2UEMO92" uri="datacollector://microsoft/CoverletCodeCoverage/1.0" collectorDisplayName="XPlat code coverage">
        <UriAttachments>
          <UriAttachment>
            <A href="DESKTOP-2UEMO92\coverage.cobertura.xml"></A>
          </UriAttachment>
        </UriAttachments>
      </Collector>
    </CollectorDataEntries>
  </ResultSummary>
</TestRun>