<?xml version="1.0" encoding="utf-8"?>
<TestRun id="3dbf713d-d657-454f-b2b8-223db9fbc061" name="JeffreyPalermo@DESKTOP-2UEMO92 2023-09-11 21:30:44" runUser="AzureAD\JeffreyPalermo" xmlns="http://microsoft.com/schemas/VisualStudio/TeamTest/2010">
  <Times creation="2023-09-11T21:30:44.6750384-05:00" queuing="2023-09-11T21:30:44.6750391-05:00" start="2023-09-11T21:30:36.7585112-05:00" finish="2023-09-11T21:30:44.6897774-05:00" />
  <TestSettings name="default" id="ae92cd44-64c5-4555-8013-0db3d8caffc3">
    <Deployment runDeploymentRoot="JeffreyPalermo_DESKTOP-2UEMO92_2023-09-11_21_30_44" />
  </TestSettings>
  <Results>
    <UnitTestResult executionId="da7b1a18-08cd-435b-bda6-54b230ab2ee5" testId="b5bf6647-2325-c755-1f79-98d9ee2a11c8" testName="Test1" computerName="DESKTOP-2UEMO92" duration="00:00:00.0752760" startTime="2023-09-11T21:30:44.0627972-05:00" endTime="2023-09-11T21:30:44.1377966-05:00" testType="13cdc9d9-ddb5-4fa4-a97d-d965ccfc6d4b" outcome="Passed" testListId="8c84fa94-04c1-424b-9868-57a2d4851a1d" relativeResultsDirectory="da7b1a18-08cd-435b-bda6-54b230ab2ee5" />
  </Results>
  <TestDefinitions>
    <UnitTest name="Test1" storage="c:\users\jeffreypalermo\source\repos\jeffreypalermo\blazormvc\acceptancetests\bin\debug\net6.0\acceptancetests.dll" id="b5bf6647-2325-c755-1f79-98d9ee2a11c8">
      <Execution id="da7b1a18-08cd-435b-bda6-54b230ab2ee5" />
      <TestMethod codeBase="C:\Users\JeffreyPalermo\source\repos\jeffreypalermo\blazormvc\AcceptanceTests\bin\Debug\net6.0\AcceptanceTests.dll" adapterTypeName="executor://nunit3testexecutor/" className="AcceptanceTests.Tests" name="Test1" />
    </UnitTest>
  </TestDefinitions>
  <TestEntries>
    <TestEntry testId="b5bf6647-2325-c755-1f79-98d9ee2a11c8" executionId="da7b1a18-08cd-435b-bda6-54b230ab2ee5" testListId="8c84fa94-04c1-424b-9868-57a2d4851a1d" />
  </TestEntries>
  <TestLists>
    <TestList name="Results Not in a List" id="8c84fa94-04c1-424b-9868-57a2d4851a1d" />
    <TestList name="All Loaded Results" id="19431567-8539-422a-85d7-44ee4e166bda" />
  </TestLists>
  <ResultSummary outcome="Completed">
    <Counters total="1" executed="1" passed="1" failed="0" error="0" timeout="0" aborted="0" inconclusive="0" passedButRunAborted="0" notRunnable="0" notExecuted="0" disconnected="0" warning="0" completed="0" inProgress="0" pending="0" />
    <Output>
      <StdOut>NUnit Adapter 4.2.0.0: Test execution started&#xD;
Running all tests in C:\Users\JeffreyPalermo\source\repos\jeffreypalermo\blazormvc\AcceptanceTests\bin\Debug\net6.0\AcceptanceTests.dll&#xD;
   NUnit3TestExecutor discovered 1 of 1 NUnit test cases using Current Discovery mode, Non-Explicit run&#xD;
NUnit Adapter 4.2.0.0: Test execution complete&#xD;
</StdOut>
    </Output>
    <CollectorDataEntries>
      <Collector agentName="DESKTOP-2UEMO92" uri="datacollector://microsoft/CoverletCodeCoverage/1.0" collectorDisplayName="XPlat code coverage">
        <UriAttachments>
          <UriAttachment>
            <A href="DESKTOP-2UEMO92\coverage.cobertura.xml"></A>
          </UriAttachment>
        </UriAttachments>
      </Collector>
    </CollectorDataEntries>
  </ResultSummary>
</TestRun>